<?xml version="1.0" encoding="UTF-8"?>
<!-- Generated by org.testng.reporters.JUnitXMLReporter -->
<testsuite ignored="0" hostname="siyathemba-Vostro-5581" failures="0" tests="3" name="RestAssured Test" time="13.047" errors="0" timestamp="2022-12-05T11:36:06 SAST">
  <testcase classname="com.scrolltest.api.TestGetUser" name="getCommentsOfPost" time="12.77"/>
  <testcase classname="com.scrolltest.api.TestGetUser" name="getPostsOfAUser" time="0.067"/>
  <testcase classname="com.scrolltest.api.TestGetUser" name="getUsers" time="0.054"/>
</testsuite> <!-- RestAssured Test -->
