<?xml version="1.0" encoding="UTF-8"?>
<!-- Generated by org.testng.reporters.JUnitXMLReporter -->
<testsuite ignored="2" hostname="siyathemba-Vostro-5581" failures="0" tests="1" name="Default test" time="1.326" errors="0" timestamp="2022-12-05T11:44:27 SAST">
  <testcase classname="com.scrolltest.api.TestGetUser" name="getUsers" time="1.179"/>
  <testcase classname="com.scrolltest.api.TestGetUser" name="getPostsOfAUser" time="0.0">
    <ignored/>
  </testcase> <!-- getPostsOfAUser -->
  <testcase classname="com.scrolltest.api.TestGetUser" name="getCommentsOfPost" time="0.0">
    <ignored/>
  </testcase> <!-- getCommentsOfPost -->
</testsuite> <!-- Default test -->
