<?xml version="1.0" encoding="UTF-8"?>
<!-- Generated by org.testng.reporters.JUnitXMLReporter -->
<testsuite hostname="siyathemba-Vostro-5581" ignored="0" name="RestAssured Test" tests="3" failures="0" timestamp="05 Dec 2022 09:08:59 GMT" time="11.807" errors="0">
  <testcase name="getCommentsOfPost" time="11.603" classname="com.scrolltest.api.TestGetUser"/>
  <testcase name="getPostsOfAUser" time="0.066" classname="com.scrolltest.api.TestGetUser"/>
  <testcase name="getUsers" time="0.062" classname="com.scrolltest.api.TestGetUser"/>
</testsuite> <!-- RestAssured Test -->
